<?xml version="1.0" encoding="UTF-8"?>
<!-- Generated by org.testng.reporters.JUnitReportReporter -->
<testsuite hostname="CIS20" name="testCase.TC003_WO_Quote" tests="1" failures="0" timestamp="19 Mar 2020 12:21:49 GMT" time="65.869" errors="0">
  <testcase name="workToQuoteComment" time="65.869" classname="testCase.TC003_WO_Quote"/>
</testsuite> <!-- testCase.TC003_WO_Quote -->
