<?xml version="1.0" encoding="UTF-8"?>
<!-- Generated by org.testng.reporters.JUnitReportReporter -->
<testsuite hostname="CIS20" name="testCase.TC001_SearchVPLSites" tests="1" failures="0" timestamp="24 Apr 2020 07:33:43 GMT" time="33.168" errors="0">
  <testcase name="searchSiteID" time="33.168" classname="testCase.TC001_SearchVPLSites"/>
</testsuite> <!-- testCase.TC001_SearchVPLSites -->
