<?xml version="1.0" encoding="UTF-8"?>
<!-- Generated by org.testng.reporters.JUnitReportReporter -->
<testsuite hostname="CIS20" name="testCase.TC002_SearchProjectSite" tests="1" failures="0" timestamp="12 Mar 2020 12:19:56 GMT" time="15.445" errors="0">
  <testcase name="searchSiteId" time="15.445" classname="testCase.TC002_SearchProjectSite"/>
</testsuite> <!-- testCase.TC002_SearchProjectSite -->
