<?xml version="1.0" encoding="UTF-8"?>
<!-- Generated by org.testng.reporters.JUnitReportReporter -->
<testsuite hostname="CIS20" name="testCase.TC001_SearchVPLSites" tests="1" failures="0" timestamp="3 Jul 2020 07:33:42 GMT" time="15.273" errors="0">
  <testcase name="searchSiteID" time="15.273" classname="testCase.TC001_SearchVPLSites"/>
</testsuite> <!-- testCase.TC001_SearchVPLSites -->
