<?xml version="1.0" encoding="UTF-8"?>
<!-- Generated by org.testng.reporters.JUnitReportReporter -->
<testsuite hostname="CIS20" name="runner.TimeSheetRun" tests="1" failures="0" timestamp="30 Apr 2020 05:11:33 GMT" time="241.391" errors="0">
  <testcase name="feature" time="241.391" classname="runner.TimeSheetRun"/>
</testsuite> <!-- runner.TimeSheetRun -->
